<?xml version='1.0' encoding='UTF-8'?>
<dataset>
    <USER ID='1' USERNAME='alice' PASSWORD='password1' />
    <USER ID='2' USERNAME='bob' PASSWORD='password2' />
    <USER ID='3' USERNAME='charlie' PASSWORD='password3' />
</dataset>
